Build started 2021-02-09 오후 1:51:23.
Logging verbosity is set to: Normal.     1>Project "C:\Users\Basilisk\Documents\Visual Studio 2019\Solutions\RigidBodyDynamics\2dDemo\2dDemo.vcxproj" on node 2 (Build target(s)).
     1>InitializeBuildStatus:
         Creating "../Output/2dDemo/2dDemo.tlog\unsuccessfulbuild" because "AlwaysCreate" was specified.
       ClCompile:
         C:\Program Files (x86)\Microsoft Visual Studio\2019\Professional\VC\Tools\MSVC\14.28.29333\bin\HostX86\x64\CL.exe /c /ZI /JMC /nologo /W3 /WX- /diagnostics:column /sdl /MP /Od /D _DEBUG /D _WINDOWS /D _UNICODE /D UNICODE /Gm- /EHsc /RTC1 /MTd /GS /fp:fast /permissive- /Zc:wchar_t /Zc:forScope /Zc:inline /std:c++latest /Fo"../Output/2dDemo/" /Fd"../Output/2dDemo/vc142.pdb" /Gd /TP /FC /errorReport:prompt Demo.cpp
         Demo.cpp
       Link:
         C:\Program Files (x86)\Microsoft Visual Studio\2019\Professional\VC\Tools\MSVC\14.28.29333\bin\HostX86\x64\link.exe /ERRORREPORT:PROMPT /OUT:"../Output/2dDemo.exe" /INCREMENTAL /NOLOGO kernel32.lib user32.lib gdi32.lib winspool.lib comdlg32.lib advapi32.lib shell32.lib ole32.lib oleaut32.lib uuid.lib odbc32.lib odbccp32.lib /MANIFEST /MANIFESTUAC:"level='asInvoker' uiAccess='false'" /manifest:embed /DEBUG:FASTLINK /PDB:"../Output/2dDemo.pdb" /SUBSYSTEM:WINDOWS /TLBID:1 /DYNAMICBASE /NXCOMPAT /IMPLIB:"../Output/2dDemo.lib" /MACHINE:X64 ../Output/2dDemo/Demo.obj
         ../Output/2dDemo/Graphics.obj
         ../Output/2dDemo/Keyboard.obj
         ../Output/2dDemo/Mouse.obj
         ../Output/2dDemo/Timer.obj
         ../Output/2dDemo/TwlMath.obj
         ../Output/2dDemo/Window.obj
         ../Output/2dDemo/WinMain.obj
         2dDemo.vcxproj -> C:\Users\Basilisk\Documents\Visual Studio 2019\Solutions\RigidBodyDynamics\Output\2dDemo.exe
       FinalizeBuildStatus:
         Deleting file "../Output/2dDemo/2dDemo.tlog\unsuccessfulbuild".
         Touching "../Output/2dDemo/2dDemo.tlog\2dDemo.lastbuildstate".
     1>Done Building Project "C:\Users\Basilisk\Documents\Visual Studio 2019\Solutions\RigidBodyDynamics\2dDemo\2dDemo.vcxproj" (Build target(s)).

Build succeeded.
    0 Warning(s)
    0 Error(s)

Time Elapsed 00:00:01.05
